[2025-12-02 20:53:25,480][HYDRA] Launching 20 jobs locally
[2025-12-02 20:53:25,480][HYDRA] 	#0 : N=32 strategy=sliced communicator=numpy
[2025-12-02 20:53:25,481][HYDRA] Launching 20 jobs locally
[2025-12-02 20:53:25,481][HYDRA] 	#0 : N=32 strategy=sliced communicator=numpy
[2025-12-02 20:53:25,483][HYDRA] Launching 20 jobs locally
[2025-12-02 20:53:25,483][HYDRA] Launching 20 jobs locally
[2025-12-02 20:53:25,483][HYDRA] 	#0 : N=32 strategy=sliced communicator=numpy
[2025-12-02 20:53:25,483][HYDRA] 	#0 : N=32 strategy=sliced communicator=numpy
[2025-12-02 20:53:25,886][numexpr.utils][INFO] - NumExpr defaulting to 11 threads.
[2025-12-02 20:53:25,886][numexpr.utils][INFO] - NumExpr defaulting to 11 threads.
[2025-12-02 20:53:25,886][numexpr.utils][INFO] - NumExpr defaulting to 11 threads.
[2025-12-02 20:53:25,886][numexpr.utils][INFO] - NumExpr defaulting to 11 threads.
INFO: Using local file-based MLflow tracking backend: file:///Users/philipnickel/Documents/GitHub/DTU_Courses/LargeScaleModeling/LSM/LSM-Project_2/mlruns

============================================================
Experiment: 03-communication
Solver: jacobi, N=32, ranks=4
Strategy: sliced, Communicator: numpy
============================================================
DEBUG: Attempting to set MLflow experiment: 03-communication
[2025-12-02 20:53:26,654][HYDRA] 	#1 : N=32 strategy=sliced communicator=custom
[2025-12-02 20:53:26,654][HYDRA] 	#1 : N=32 strategy=sliced communicator=custom
[2025-12-02 20:53:26,654][HYDRA] 	#1 : N=32 strategy=sliced communicator=custom
INFO: Using MLflow experiment: 03-communication
INFO: Started MLflow run 'jacobi_N32_p4_sliced' (94909d450f654aae8043905e6b197413)
  ✓ Logged 1500 time-series metrics.

--- JACOBI Complete ---
  Iterations: 500
  L2 error: 3.169787e-03
  Wall time: 0.0369s
  Performance: 366.16 Mlup/s
[2025-12-02 20:53:27,315][HYDRA] 	#1 : N=32 strategy=sliced communicator=custom
INFO: Using local file-based MLflow tracking backend: file:///Users/philipnickel/Documents/GitHub/DTU_Courses/LargeScaleModeling/LSM/LSM-Project_2/mlruns

============================================================
Experiment: 03-communication
Solver: jacobi, N=32, ranks=4
Strategy: sliced, Communicator: custom
============================================================
DEBUG: Attempting to set MLflow experiment: 03-communication
[2025-12-02 20:53:27,387][HYDRA] 	#2 : N=32 strategy=cubic communicator=numpy
[2025-12-02 20:53:27,387][HYDRA] 	#2 : N=32 strategy=cubic communicator=numpy
[2025-12-02 20:53:27,387][HYDRA] 	#2 : N=32 strategy=cubic communicator=numpy
INFO: Using MLflow experiment: 03-communication
INFO: Started MLflow run 'jacobi_N32_p4_sliced' (7212652afc4e4d7a87ffbc0c9ea3fd16)
  ✓ Logged 1500 time-series metrics.

--- JACOBI Complete ---
  Iterations: 500
  L2 error: 3.169787e-03
  Wall time: 0.0401s
  Performance: 336.67 Mlup/s
[2025-12-02 20:53:27,981][HYDRA] 	#2 : N=32 strategy=cubic communicator=numpy
INFO: Using local file-based MLflow tracking backend: file:///Users/philipnickel/Documents/GitHub/DTU_Courses/LargeScaleModeling/LSM/LSM-Project_2/mlruns

============================================================
Experiment: 03-communication
Solver: jacobi, N=32, ranks=4
Strategy: cubic, Communicator: numpy
============================================================
DEBUG: Attempting to set MLflow experiment: 03-communication
[2025-12-02 20:53:28,046][HYDRA] 	#3 : N=32 strategy=cubic communicator=custom
[2025-12-02 20:53:28,046][HYDRA] 	#3 : N=32 strategy=cubic communicator=custom
[2025-12-02 20:53:28,046][HYDRA] 	#3 : N=32 strategy=cubic communicator=custom
INFO: Using MLflow experiment: 03-communication
INFO: Started MLflow run 'jacobi_N32_p4_cubic' (0c0ce0dfb41d4edfa3438543374bc346)
  ✓ Logged 1500 time-series metrics.

--- JACOBI Complete ---
  Iterations: 500
  L2 error: 3.169787e-03
  Wall time: 0.0359s
  Performance: 376.37 Mlup/s
[2025-12-02 20:53:28,621][HYDRA] 	#3 : N=32 strategy=cubic communicator=custom
INFO: Using local file-based MLflow tracking backend: file:///Users/philipnickel/Documents/GitHub/DTU_Courses/LargeScaleModeling/LSM/LSM-Project_2/mlruns

============================================================
Experiment: 03-communication
Solver: jacobi, N=32, ranks=4
Strategy: cubic, Communicator: custom
============================================================
DEBUG: Attempting to set MLflow experiment: 03-communication
[2025-12-02 20:53:28,690][HYDRA] 	#4 : N=48 strategy=sliced communicator=numpy
[2025-12-02 20:53:28,690][HYDRA] 	#4 : N=48 strategy=sliced communicator=numpy
[2025-12-02 20:53:28,690][HYDRA] 	#4 : N=48 strategy=sliced communicator=numpy
INFO: Using MLflow experiment: 03-communication
INFO: Started MLflow run 'jacobi_N32_p4_cubic' (44863a99aca44e73989fa7375404e55c)
  ✓ Logged 1500 time-series metrics.

--- JACOBI Complete ---
  Iterations: 500
  L2 error: 3.169787e-03
  Wall time: 0.0391s
  Performance: 345.56 Mlup/s
[2025-12-02 20:53:29,261][HYDRA] 	#4 : N=48 strategy=sliced communicator=numpy
INFO: Using local file-based MLflow tracking backend: file:///Users/philipnickel/Documents/GitHub/DTU_Courses/LargeScaleModeling/LSM/LSM-Project_2/mlruns

============================================================
Experiment: 03-communication
Solver: jacobi, N=48, ranks=4
Strategy: sliced, Communicator: numpy
============================================================
DEBUG: Attempting to set MLflow experiment: 03-communication
[2025-12-02 20:53:29,377][HYDRA] 	#5 : N=48 strategy=sliced communicator=custom
[2025-12-02 20:53:29,377][HYDRA] 	#5 : N=48 strategy=sliced communicator=custom
[2025-12-02 20:53:29,377][HYDRA] 	#5 : N=48 strategy=sliced communicator=custom
INFO: Using MLflow experiment: 03-communication
INFO: Started MLflow run 'jacobi_N48_p4_sliced' (eeeb338548d848bc93721c1b77a04784)
  ✓ Logged 1500 time-series metrics.

--- JACOBI Complete ---
  Iterations: 500
  L2 error: 2.637631e-02
  Wall time: 0.0853s
  Performance: 570.23 Mlup/s
[2025-12-02 20:53:29,959][HYDRA] 	#5 : N=48 strategy=sliced communicator=custom
INFO: Using local file-based MLflow tracking backend: file:///Users/philipnickel/Documents/GitHub/DTU_Courses/LargeScaleModeling/LSM/LSM-Project_2/mlruns

============================================================
Experiment: 03-communication
Solver: jacobi, N=48, ranks=4
Strategy: sliced, Communicator: custom
============================================================
DEBUG: Attempting to set MLflow experiment: 03-communication
[2025-12-02 20:53:30,073][HYDRA] 	#6 : N=48 strategy=cubic communicator=numpy
[2025-12-02 20:53:30,073][HYDRA] 	#6 : N=48 strategy=cubic communicator=numpy
[2025-12-02 20:53:30,073][HYDRA] 	#6 : N=48 strategy=cubic communicator=numpy
INFO: Using MLflow experiment: 03-communication
INFO: Started MLflow run 'jacobi_N48_p4_sliced' (dfa7d03f08684a1b92be3908af04e543)
  ✓ Logged 1500 time-series metrics.

--- JACOBI Complete ---
  Iterations: 500
  L2 error: 2.637631e-02
  Wall time: 0.0831s
  Performance: 585.97 Mlup/s
[2025-12-02 20:53:30,654][HYDRA] 	#6 : N=48 strategy=cubic communicator=numpy
INFO: Using local file-based MLflow tracking backend: file:///Users/philipnickel/Documents/GitHub/DTU_Courses/LargeScaleModeling/LSM/LSM-Project_2/mlruns

============================================================
Experiment: 03-communication
Solver: jacobi, N=48, ranks=4
Strategy: cubic, Communicator: numpy
============================================================
DEBUG: Attempting to set MLflow experiment: 03-communication
[2025-12-02 20:53:30,793][HYDRA] 	#7 : N=48 strategy=cubic communicator=custom
[2025-12-02 20:53:30,793][HYDRA] 	#7 : N=48 strategy=cubic communicator=custom
[2025-12-02 20:53:30,793][HYDRA] 	#7 : N=48 strategy=cubic communicator=custom
INFO: Using MLflow experiment: 03-communication
INFO: Started MLflow run 'jacobi_N48_p4_cubic' (ae921e21a5ed4a44a3f76ed37cb927c0)
  ✓ Logged 1500 time-series metrics.

--- JACOBI Complete ---
  Iterations: 500
  L2 error: 2.637631e-02
  Wall time: 0.1095s
  Performance: 444.50 Mlup/s
[2025-12-02 20:53:31,372][HYDRA] 	#7 : N=48 strategy=cubic communicator=custom
INFO: Using local file-based MLflow tracking backend: file:///Users/philipnickel/Documents/GitHub/DTU_Courses/LargeScaleModeling/LSM/LSM-Project_2/mlruns

============================================================
Experiment: 03-communication
Solver: jacobi, N=48, ranks=4
Strategy: cubic, Communicator: custom
============================================================
DEBUG: Attempting to set MLflow experiment: 03-communication
[2025-12-02 20:53:31,492][HYDRA] 	#8 : N=64 strategy=sliced communicator=numpy
[2025-12-02 20:53:31,492][HYDRA] 	#8 : N=64 strategy=sliced communicator=numpy
[2025-12-02 20:53:31,492][HYDRA] 	#8 : N=64 strategy=sliced communicator=numpy
INFO: Using MLflow experiment: 03-communication
INFO: Started MLflow run 'jacobi_N48_p4_cubic' (30c2a84d145844889a60c6190ee7ef14)
  ✓ Logged 1500 time-series metrics.

--- JACOBI Complete ---
  Iterations: 500
  L2 error: 2.637631e-02
  Wall time: 0.0904s
  Performance: 538.24 Mlup/s
[2025-12-02 20:53:32,107][HYDRA] 	#8 : N=64 strategy=sliced communicator=numpy
INFO: Using local file-based MLflow tracking backend: file:///Users/philipnickel/Documents/GitHub/DTU_Courses/LargeScaleModeling/LSM/LSM-Project_2/mlruns

============================================================
Experiment: 03-communication
Solver: jacobi, N=64, ranks=4
Strategy: sliced, Communicator: numpy
============================================================
DEBUG: Attempting to set MLflow experiment: 03-communication
[2025-12-02 20:53:32,325][HYDRA] 	#9 : N=64 strategy=sliced communicator=custom
[2025-12-02 20:53:32,325][HYDRA] 	#9 : N=64 strategy=sliced communicator=custom
[2025-12-02 20:53:32,325][HYDRA] 	#9 : N=64 strategy=sliced communicator=custom
INFO: Using MLflow experiment: 03-communication
INFO: Started MLflow run 'jacobi_N64_p4_sliced' (1a82be524ece48b0a99dbd2aebd8a542)
  ✓ Logged 1500 time-series metrics.

--- JACOBI Complete ---
  Iterations: 500
  L2 error: 1.357538e-01
  Wall time: 0.1861s
  Performance: 640.39 Mlup/s
[2025-12-02 20:53:32,911][HYDRA] 	#9 : N=64 strategy=sliced communicator=custom
INFO: Using local file-based MLflow tracking backend: file:///Users/philipnickel/Documents/GitHub/DTU_Courses/LargeScaleModeling/LSM/LSM-Project_2/mlruns

============================================================
Experiment: 03-communication
Solver: jacobi, N=64, ranks=4
Strategy: sliced, Communicator: custom
============================================================
DEBUG: Attempting to set MLflow experiment: 03-communication
[2025-12-02 20:53:33,128][HYDRA] 	#10 : N=64 strategy=cubic communicator=numpy
[2025-12-02 20:53:33,128][HYDRA] 	#10 : N=64 strategy=cubic communicator=numpy
[2025-12-02 20:53:33,128][HYDRA] 	#10 : N=64 strategy=cubic communicator=numpy
INFO: Using MLflow experiment: 03-communication
INFO: Started MLflow run 'jacobi_N64_p4_sliced' (d0451498d31a4ba8b29f365ba68782ef)
  ✓ Logged 1500 time-series metrics.

--- JACOBI Complete ---
  Iterations: 500
  L2 error: 1.357538e-01
  Wall time: 0.1853s
  Performance: 643.08 Mlup/s
[2025-12-02 20:53:33,717][HYDRA] 	#10 : N=64 strategy=cubic communicator=numpy
INFO: Using local file-based MLflow tracking backend: file:///Users/philipnickel/Documents/GitHub/DTU_Courses/LargeScaleModeling/LSM/LSM-Project_2/mlruns

============================================================
Experiment: 03-communication
Solver: jacobi, N=64, ranks=4
Strategy: cubic, Communicator: numpy
============================================================
DEBUG: Attempting to set MLflow experiment: 03-communication
[2025-12-02 20:53:33,944][HYDRA] 	#11 : N=64 strategy=cubic communicator=custom
[2025-12-02 20:53:33,944][HYDRA] 	#11 : N=64 strategy=cubic communicator=custom
[2025-12-02 20:53:33,944][HYDRA] 	#11 : N=64 strategy=cubic communicator=custom
INFO: Using MLflow experiment: 03-communication
INFO: Started MLflow run 'jacobi_N64_p4_cubic' (45b54462386c4531af3ed6354c5e0933)
  ✓ Logged 1500 time-series metrics.

--- JACOBI Complete ---
  Iterations: 500
  L2 error: 1.357538e-01
  Wall time: 0.1948s
  Performance: 611.68 Mlup/s
[2025-12-02 20:53:34,532][HYDRA] 	#11 : N=64 strategy=cubic communicator=custom
INFO: Using local file-based MLflow tracking backend: file:///Users/philipnickel/Documents/GitHub/DTU_Courses/LargeScaleModeling/LSM/LSM-Project_2/mlruns

============================================================
Experiment: 03-communication
Solver: jacobi, N=64, ranks=4
Strategy: cubic, Communicator: custom
============================================================
DEBUG: Attempting to set MLflow experiment: 03-communication
[2025-12-02 20:53:34,760][HYDRA] 	#12 : N=80 strategy=sliced communicator=numpy
[2025-12-02 20:53:34,760][HYDRA] 	#12 : N=80 strategy=sliced communicator=numpy
[2025-12-02 20:53:34,760][HYDRA] 	#12 : N=80 strategy=sliced communicator=numpy
INFO: Using MLflow experiment: 03-communication
INFO: Started MLflow run 'jacobi_N64_p4_cubic' (efc38830eb9146ddab168e8e90a91ef6)
  ✓ Logged 1500 time-series metrics.

--- JACOBI Complete ---
  Iterations: 500
  L2 error: 1.357538e-01
  Wall time: 0.1962s
  Performance: 607.43 Mlup/s
[2025-12-02 20:53:35,350][HYDRA] 	#12 : N=80 strategy=sliced communicator=numpy
INFO: Using local file-based MLflow tracking backend: file:///Users/philipnickel/Documents/GitHub/DTU_Courses/LargeScaleModeling/LSM/LSM-Project_2/mlruns

============================================================
Experiment: 03-communication
Solver: jacobi, N=80, ranks=4
Strategy: sliced, Communicator: numpy
============================================================
DEBUG: Attempting to set MLflow experiment: 03-communication
[2025-12-02 20:53:35,788][HYDRA] 	#13 : N=80 strategy=sliced communicator=custom
[2025-12-02 20:53:35,788][HYDRA] 	#13 : N=80 strategy=sliced communicator=custom
[2025-12-02 20:53:35,788][HYDRA] 	#13 : N=80 strategy=sliced communicator=custom
INFO: Using MLflow experiment: 03-communication
INFO: Started MLflow run 'jacobi_N80_p4_sliced' (c8486cce8b734ef5972923093a5b6188)
  ✓ Logged 1500 time-series metrics.

--- JACOBI Complete ---
  Iterations: 500
  L2 error: 2.815600e-01
  Wall time: 0.4047s
  Performance: 586.30 Mlup/s
[2025-12-02 20:53:36,389][HYDRA] 	#13 : N=80 strategy=sliced communicator=custom
INFO: Using local file-based MLflow tracking backend: file:///Users/philipnickel/Documents/GitHub/DTU_Courses/LargeScaleModeling/LSM/LSM-Project_2/mlruns

============================================================
Experiment: 03-communication
Solver: jacobi, N=80, ranks=4
Strategy: sliced, Communicator: custom
============================================================
DEBUG: Attempting to set MLflow experiment: 03-communication
[2025-12-02 20:53:36,801][HYDRA] 	#14 : N=80 strategy=cubic communicator=numpy
[2025-12-02 20:53:36,801][HYDRA] 	#14 : N=80 strategy=cubic communicator=numpy
[2025-12-02 20:53:36,801][HYDRA] 	#14 : N=80 strategy=cubic communicator=numpy
INFO: Using MLflow experiment: 03-communication
INFO: Started MLflow run 'jacobi_N80_p4_sliced' (eee2ba4bb7fd4129b20ac5eb515af687)
  ✓ Logged 1500 time-series metrics.

--- JACOBI Complete ---
  Iterations: 500
  L2 error: 2.815600e-01
  Wall time: 0.3796s
  Performance: 625.15 Mlup/s
[2025-12-02 20:53:37,393][HYDRA] 	#14 : N=80 strategy=cubic communicator=numpy
INFO: Using local file-based MLflow tracking backend: file:///Users/philipnickel/Documents/GitHub/DTU_Courses/LargeScaleModeling/LSM/LSM-Project_2/mlruns

============================================================
Experiment: 03-communication
Solver: jacobi, N=80, ranks=4
Strategy: cubic, Communicator: numpy
============================================================
DEBUG: Attempting to set MLflow experiment: 03-communication
[2025-12-02 20:53:37,852][HYDRA] 	#15 : N=80 strategy=cubic communicator=custom
[2025-12-02 20:53:37,852][HYDRA] 	#15 : N=80 strategy=cubic communicator=custom
[2025-12-02 20:53:37,852][HYDRA] 	#15 : N=80 strategy=cubic communicator=custom
INFO: Using MLflow experiment: 03-communication
INFO: Started MLflow run 'jacobi_N80_p4_cubic' (3d186c88fd6f456cb68b5195bfac6222)
  ✓ Logged 1500 time-series metrics.

--- JACOBI Complete ---
  Iterations: 500
  L2 error: 2.815600e-01
  Wall time: 0.4235s
  Performance: 560.30 Mlup/s
[2025-12-02 20:53:38,455][HYDRA] 	#15 : N=80 strategy=cubic communicator=custom
INFO: Using local file-based MLflow tracking backend: file:///Users/philipnickel/Documents/GitHub/DTU_Courses/LargeScaleModeling/LSM/LSM-Project_2/mlruns

============================================================
Experiment: 03-communication
Solver: jacobi, N=80, ranks=4
Strategy: cubic, Communicator: custom
============================================================
DEBUG: Attempting to set MLflow experiment: 03-communication
[2025-12-02 20:53:38,949][HYDRA] 	#16 : N=100 strategy=sliced communicator=numpy
[2025-12-02 20:53:38,949][HYDRA] 	#16 : N=100 strategy=sliced communicator=numpy
[2025-12-02 20:53:38,949][HYDRA] 	#16 : N=100 strategy=sliced communicator=numpy
INFO: Using MLflow experiment: 03-communication
INFO: Started MLflow run 'jacobi_N80_p4_cubic' (24895601b8c44cf99135f26e651cb6fb)
  ✓ Logged 1500 time-series metrics.

--- JACOBI Complete ---
  Iterations: 500
  L2 error: 2.815600e-01
  Wall time: 0.4268s
  Performance: 555.95 Mlup/s
[2025-12-02 20:53:39,549][HYDRA] 	#16 : N=100 strategy=sliced communicator=numpy
INFO: Using local file-based MLflow tracking backend: file:///Users/philipnickel/Documents/GitHub/DTU_Courses/LargeScaleModeling/LSM/LSM-Project_2/mlruns

============================================================
Experiment: 03-communication
Solver: jacobi, N=100, ranks=4
Strategy: sliced, Communicator: numpy
============================================================
DEBUG: Attempting to set MLflow experiment: 03-communication
[2025-12-02 20:53:40,896][HYDRA] 	#17 : N=100 strategy=sliced communicator=custom
[2025-12-02 20:53:40,896][HYDRA] 	#17 : N=100 strategy=sliced communicator=custom
[2025-12-02 20:53:40,896][HYDRA] 	#17 : N=100 strategy=sliced communicator=custom
INFO: Using MLflow experiment: 03-communication
INFO: Started MLflow run 'jacobi_N100_p4_sliced' (c81ce980eab54b31a4e01459a26189b8)
  ✓ Logged 1500 time-series metrics.

--- JACOBI Complete ---
  Iterations: 500
  L2 error: 4.464648e-01
  Wall time: 1.3096s
  Performance: 359.35 Mlup/s
[2025-12-02 20:53:41,496][HYDRA] 	#17 : N=100 strategy=sliced communicator=custom
INFO: Using local file-based MLflow tracking backend: file:///Users/philipnickel/Documents/GitHub/DTU_Courses/LargeScaleModeling/LSM/LSM-Project_2/mlruns

============================================================
Experiment: 03-communication
Solver: jacobi, N=100, ranks=4
Strategy: sliced, Communicator: custom
============================================================
DEBUG: Attempting to set MLflow experiment: 03-communication
[2025-12-02 20:53:42,861][HYDRA] 	#18 : N=100 strategy=cubic communicator=numpy
[2025-12-02 20:53:42,861][HYDRA] 	#18 : N=100 strategy=cubic communicator=numpy
[2025-12-02 20:53:42,861][HYDRA] 	#18 : N=100 strategy=cubic communicator=numpy
INFO: Using MLflow experiment: 03-communication
INFO: Started MLflow run 'jacobi_N100_p4_sliced' (d69951b549fe496397e2cffbbb22dec6)
  ✓ Logged 1500 time-series metrics.

--- JACOBI Complete ---
  Iterations: 500
  L2 error: 4.464648e-01
  Wall time: 1.3289s
  Performance: 354.12 Mlup/s
[2025-12-02 20:53:43,463][HYDRA] 	#18 : N=100 strategy=cubic communicator=numpy
INFO: Using local file-based MLflow tracking backend: file:///Users/philipnickel/Documents/GitHub/DTU_Courses/LargeScaleModeling/LSM/LSM-Project_2/mlruns

============================================================
Experiment: 03-communication
Solver: jacobi, N=100, ranks=4
Strategy: cubic, Communicator: numpy
============================================================
DEBUG: Attempting to set MLflow experiment: 03-communication
[2025-12-02 20:53:44,945][HYDRA] 	#19 : N=100 strategy=cubic communicator=custom
[2025-12-02 20:53:44,945][HYDRA] 	#19 : N=100 strategy=cubic communicator=custom
[2025-12-02 20:53:44,945][HYDRA] 	#19 : N=100 strategy=cubic communicator=custom
INFO: Using MLflow experiment: 03-communication
INFO: Started MLflow run 'jacobi_N100_p4_cubic' (8bca6132d01344cdb9c9a0f47315ab04)
  ✓ Logged 1500 time-series metrics.

--- JACOBI Complete ---
  Iterations: 500
  L2 error: 4.464648e-01
  Wall time: 1.4432s
  Performance: 326.07 Mlup/s
[2025-12-02 20:53:45,551][HYDRA] 	#19 : N=100 strategy=cubic communicator=custom
INFO: Using local file-based MLflow tracking backend: file:///Users/philipnickel/Documents/GitHub/DTU_Courses/LargeScaleModeling/LSM/LSM-Project_2/mlruns

============================================================
Experiment: 03-communication
Solver: jacobi, N=100, ranks=4
Strategy: cubic, Communicator: custom
============================================================
DEBUG: Attempting to set MLflow experiment: 03-communication
INFO: Using MLflow experiment: 03-communication
INFO: Started MLflow run 'jacobi_N100_p4_cubic' (dcbdca62c5bb49ad8c7df933d8972c55)
  ✓ Logged 1500 time-series metrics.

--- JACOBI Complete ---
  Iterations: 500
  L2 error: 4.464648e-01
  Wall time: 1.3915s
  Performance: 338.20 Mlup/s
