[2025-12-02 21:14:21,042][HYDRA] Launching 16 jobs locally
[2025-12-02 21:14:21,042][HYDRA] 	#0 : N=32 strategy=sliced communicator=numpy
[2025-12-02 21:14:21,045][HYDRA] Launching 16 jobs locally
[2025-12-02 21:14:21,045][HYDRA] 	#0 : N=32 strategy=sliced communicator=numpy
[2025-12-02 21:14:21,046][HYDRA] Launching 16 jobs locally
[2025-12-02 21:14:21,046][HYDRA] Launching 16 jobs locally
[2025-12-02 21:14:21,046][HYDRA] 	#0 : N=32 strategy=sliced communicator=numpy
[2025-12-02 21:14:21,046][HYDRA] 	#0 : N=32 strategy=sliced communicator=numpy
[2025-12-02 21:14:21,450][numexpr.utils][INFO] - NumExpr defaulting to 11 threads.
[2025-12-02 21:14:21,450][numexpr.utils][INFO] - NumExpr defaulting to 11 threads.
[2025-12-02 21:14:21,450][numexpr.utils][INFO] - NumExpr defaulting to 11 threads.
[2025-12-02 21:14:21,450][numexpr.utils][INFO] - NumExpr defaulting to 11 threads.
INFO: Using local file-based MLflow tracking backend: file:///Users/philipnickel/Documents/GitHub/DTU_Courses/LargeScaleModeling/LSM/LSM-Project_2/mlruns

============================================================
Experiment: 03-communication
Solver: jacobi, N=32, ranks=4
Strategy: sliced, Communicator: numpy
============================================================
DEBUG: Attempting to set MLflow experiment: 03-communication
[2025-12-02 21:14:22,179][HYDRA] 	#1 : N=32 strategy=sliced communicator=custom
[2025-12-02 21:14:22,179][HYDRA] 	#1 : N=32 strategy=sliced communicator=custom
[2025-12-02 21:14:22,179][HYDRA] 	#1 : N=32 strategy=sliced communicator=custom
INFO: Using MLflow experiment: 03-communication
INFO: Started MLflow run 'jacobi_N32_p4_sliced' (15bb0d3d93224492879e77ac45195ff7)
  ✓ Logged 600 time-series metrics.

--- JACOBI Complete ---
  Iterations: 200
  L2 error: 3.349338e-02
  Wall time: 0.0142s
  Performance: 380.44 Mlup/s
  Bandwidth: 12.17 GB/s
[2025-12-02 21:14:23,588][HYDRA] 	#1 : N=32 strategy=sliced communicator=custom
INFO: Using local file-based MLflow tracking backend: file:///Users/philipnickel/Documents/GitHub/DTU_Courses/LargeScaleModeling/LSM/LSM-Project_2/mlruns

============================================================
Experiment: 03-communication
Solver: jacobi, N=32, ranks=4
Strategy: sliced, Communicator: custom
============================================================
DEBUG: Attempting to set MLflow experiment: 03-communication
[2025-12-02 21:14:23,641][HYDRA] 	#2 : N=32 strategy=cubic communicator=numpy
[2025-12-02 21:14:23,641][HYDRA] 	#2 : N=32 strategy=cubic communicator=numpy
[2025-12-02 21:14:23,641][HYDRA] 	#2 : N=32 strategy=cubic communicator=numpy
INFO: Using MLflow experiment: 03-communication
INFO: Started MLflow run 'jacobi_N32_p4_sliced' (f4c3e68b1ece4316896a793dc119f09f)
  ✓ Logged 600 time-series metrics.

--- JACOBI Complete ---
  Iterations: 200
  L2 error: 3.349338e-02
  Wall time: 0.0203s
  Performance: 265.60 Mlup/s
  Bandwidth: 8.50 GB/s
[2025-12-02 21:14:24,988][HYDRA] 	#2 : N=32 strategy=cubic communicator=numpy
INFO: Using local file-based MLflow tracking backend: file:///Users/philipnickel/Documents/GitHub/DTU_Courses/LargeScaleModeling/LSM/LSM-Project_2/mlruns

============================================================
Experiment: 03-communication
Solver: jacobi, N=32, ranks=4
Strategy: cubic, Communicator: numpy
============================================================
DEBUG: Attempting to set MLflow experiment: 03-communication
[2025-12-02 21:14:25,033][HYDRA] 	#3 : N=32 strategy=cubic communicator=custom
[2025-12-02 21:14:25,033][HYDRA] 	#3 : N=32 strategy=cubic communicator=custom
[2025-12-02 21:14:25,033][HYDRA] 	#3 : N=32 strategy=cubic communicator=custom
INFO: Using MLflow experiment: 03-communication
INFO: Started MLflow run 'jacobi_N32_p4_cubic' (05f6aab307bf4eaaa36e11b0035e116c)
  ✓ Logged 600 time-series metrics.

--- JACOBI Complete ---
  Iterations: 200
  L2 error: 3.349338e-02
  Wall time: 0.0145s
  Performance: 373.01 Mlup/s
  Bandwidth: 11.94 GB/s
[2025-12-02 21:14:26,353][HYDRA] 	#3 : N=32 strategy=cubic communicator=custom
INFO: Using local file-based MLflow tracking backend: file:///Users/philipnickel/Documents/GitHub/DTU_Courses/LargeScaleModeling/LSM/LSM-Project_2/mlruns

============================================================
Experiment: 03-communication
Solver: jacobi, N=32, ranks=4
Strategy: cubic, Communicator: custom
============================================================
DEBUG: Attempting to set MLflow experiment: 03-communication
[2025-12-02 21:14:26,399][HYDRA] 	#4 : N=48 strategy=sliced communicator=numpy
[2025-12-02 21:14:26,399][HYDRA] 	#4 : N=48 strategy=sliced communicator=numpy
[2025-12-02 21:14:26,399][HYDRA] 	#4 : N=48 strategy=sliced communicator=numpy
INFO: Using MLflow experiment: 03-communication
INFO: Started MLflow run 'jacobi_N32_p4_cubic' (7eea5a54db794cf1af1ae5e96cd2a2e9)
  ✓ Logged 600 time-series metrics.

--- JACOBI Complete ---
  Iterations: 200
  L2 error: 3.349338e-02
  Wall time: 0.0167s
  Performance: 323.51 Mlup/s
  Bandwidth: 10.35 GB/s
[2025-12-02 21:14:27,753][HYDRA] 	#4 : N=48 strategy=sliced communicator=numpy
INFO: Using local file-based MLflow tracking backend: file:///Users/philipnickel/Documents/GitHub/DTU_Courses/LargeScaleModeling/LSM/LSM-Project_2/mlruns

============================================================
Experiment: 03-communication
Solver: jacobi, N=48, ranks=4
Strategy: sliced, Communicator: numpy
============================================================
DEBUG: Attempting to set MLflow experiment: 03-communication
[2025-12-02 21:14:27,815][HYDRA] 	#5 : N=48 strategy=sliced communicator=custom
[2025-12-02 21:14:27,815][HYDRA] 	#5 : N=48 strategy=sliced communicator=custom
[2025-12-02 21:14:27,815][HYDRA] 	#5 : N=48 strategy=sliced communicator=custom
INFO: Using MLflow experiment: 03-communication
INFO: Started MLflow run 'jacobi_N48_p4_sliced' (79e6dda8a3d749afa76e545b58ad7a28)
  ✓ Logged 600 time-series metrics.

--- JACOBI Complete ---
  Iterations: 200
  L2 error: 2.375237e-01
  Wall time: 0.0315s
  Performance: 618.03 Mlup/s
  Bandwidth: 19.78 GB/s
[2025-12-02 21:14:29,139][HYDRA] 	#5 : N=48 strategy=sliced communicator=custom
INFO: Using local file-based MLflow tracking backend: file:///Users/philipnickel/Documents/GitHub/DTU_Courses/LargeScaleModeling/LSM/LSM-Project_2/mlruns

============================================================
Experiment: 03-communication
Solver: jacobi, N=48, ranks=4
Strategy: sliced, Communicator: custom
============================================================
DEBUG: Attempting to set MLflow experiment: 03-communication
[2025-12-02 21:14:29,204][HYDRA] 	#6 : N=48 strategy=cubic communicator=numpy
[2025-12-02 21:14:29,204][HYDRA] 	#6 : N=48 strategy=cubic communicator=numpy
[2025-12-02 21:14:29,204][HYDRA] 	#6 : N=48 strategy=cubic communicator=numpy
INFO: Using MLflow experiment: 03-communication
INFO: Started MLflow run 'jacobi_N48_p4_sliced' (1add6dcea55a43149f627f9265d6be3f)
  ✓ Logged 600 time-series metrics.

--- JACOBI Complete ---
  Iterations: 200
  L2 error: 2.375237e-01
  Wall time: 0.0318s
  Performance: 611.56 Mlup/s
  Bandwidth: 19.57 GB/s
[2025-12-02 21:14:30,542][HYDRA] 	#6 : N=48 strategy=cubic communicator=numpy
INFO: Using local file-based MLflow tracking backend: file:///Users/philipnickel/Documents/GitHub/DTU_Courses/LargeScaleModeling/LSM/LSM-Project_2/mlruns

============================================================
Experiment: 03-communication
Solver: jacobi, N=48, ranks=4
Strategy: cubic, Communicator: numpy
============================================================
DEBUG: Attempting to set MLflow experiment: 03-communication
[2025-12-02 21:14:30,608][HYDRA] 	#7 : N=48 strategy=cubic communicator=custom
[2025-12-02 21:14:30,608][HYDRA] 	#7 : N=48 strategy=cubic communicator=custom
[2025-12-02 21:14:30,608][HYDRA] 	#7 : N=48 strategy=cubic communicator=custom
INFO: Using MLflow experiment: 03-communication
INFO: Started MLflow run 'jacobi_N48_p4_cubic' (5242e7cac4644502a689c3c1a588fc17)
  ✓ Logged 600 time-series metrics.

--- JACOBI Complete ---
  Iterations: 200
  L2 error: 2.375237e-01
  Wall time: 0.0351s
  Performance: 555.19 Mlup/s
  Bandwidth: 17.77 GB/s
[2025-12-02 21:14:31,984][HYDRA] 	#7 : N=48 strategy=cubic communicator=custom
INFO: Using local file-based MLflow tracking backend: file:///Users/philipnickel/Documents/GitHub/DTU_Courses/LargeScaleModeling/LSM/LSM-Project_2/mlruns

============================================================
Experiment: 03-communication
Solver: jacobi, N=48, ranks=4
Strategy: cubic, Communicator: custom
============================================================
DEBUG: Attempting to set MLflow experiment: 03-communication
[2025-12-02 21:14:32,048][HYDRA] 	#8 : N=64 strategy=sliced communicator=numpy
[2025-12-02 21:14:32,048][HYDRA] 	#8 : N=64 strategy=sliced communicator=numpy
[2025-12-02 21:14:32,048][HYDRA] 	#8 : N=64 strategy=sliced communicator=numpy
INFO: Using MLflow experiment: 03-communication
INFO: Started MLflow run 'jacobi_N48_p4_cubic' (96ee557c26c54a829fcfd2431bd007e4)
  ✓ Logged 600 time-series metrics.

--- JACOBI Complete ---
  Iterations: 200
  L2 error: 2.375237e-01
  Wall time: 0.0350s
  Performance: 556.92 Mlup/s
  Bandwidth: 17.82 GB/s
[2025-12-02 21:14:33,439][HYDRA] 	#8 : N=64 strategy=sliced communicator=numpy
INFO: Using local file-based MLflow tracking backend: file:///Users/philipnickel/Documents/GitHub/DTU_Courses/LargeScaleModeling/LSM/LSM-Project_2/mlruns

============================================================
Experiment: 03-communication
Solver: jacobi, N=64, ranks=4
Strategy: sliced, Communicator: numpy
============================================================
DEBUG: Attempting to set MLflow experiment: 03-communication
[2025-12-02 21:14:33,547][HYDRA] 	#9 : N=64 strategy=sliced communicator=custom
[2025-12-02 21:14:33,547][HYDRA] 	#9 : N=64 strategy=sliced communicator=custom
[2025-12-02 21:14:33,547][HYDRA] 	#9 : N=64 strategy=sliced communicator=custom
INFO: Using MLflow experiment: 03-communication
INFO: Started MLflow run 'jacobi_N64_p4_sliced' (89e9f76c487e4fa7b66ed2f34c4060cc)
  ✓ Logged 600 time-series metrics.

--- JACOBI Complete ---
  Iterations: 200
  L2 error: 4.503766e-01
  Wall time: 0.0763s
  Performance: 624.46 Mlup/s
  Bandwidth: 19.98 GB/s
[2025-12-02 21:14:34,907][HYDRA] 	#9 : N=64 strategy=sliced communicator=custom
INFO: Using local file-based MLflow tracking backend: file:///Users/philipnickel/Documents/GitHub/DTU_Courses/LargeScaleModeling/LSM/LSM-Project_2/mlruns

============================================================
Experiment: 03-communication
Solver: jacobi, N=64, ranks=4
Strategy: sliced, Communicator: custom
============================================================
DEBUG: Attempting to set MLflow experiment: 03-communication
[2025-12-02 21:14:35,010][HYDRA] 	#10 : N=64 strategy=cubic communicator=numpy
[2025-12-02 21:14:35,010][HYDRA] 	#10 : N=64 strategy=cubic communicator=numpy
[2025-12-02 21:14:35,010][HYDRA] 	#10 : N=64 strategy=cubic communicator=numpy
INFO: Using MLflow experiment: 03-communication
INFO: Started MLflow run 'jacobi_N64_p4_sliced' (b0b2a253145e4b63a9378457298610ae)
  ✓ Logged 600 time-series metrics.

--- JACOBI Complete ---
  Iterations: 200
  L2 error: 4.503766e-01
  Wall time: 0.0711s
  Performance: 670.30 Mlup/s
  Bandwidth: 21.45 GB/s
[2025-12-02 21:14:36,348][HYDRA] 	#10 : N=64 strategy=cubic communicator=numpy
INFO: Using local file-based MLflow tracking backend: file:///Users/philipnickel/Documents/GitHub/DTU_Courses/LargeScaleModeling/LSM/LSM-Project_2/mlruns

============================================================
Experiment: 03-communication
Solver: jacobi, N=64, ranks=4
Strategy: cubic, Communicator: numpy
============================================================
DEBUG: Attempting to set MLflow experiment: 03-communication
[2025-12-02 21:14:36,458][HYDRA] 	#11 : N=64 strategy=cubic communicator=custom
[2025-12-02 21:14:36,458][HYDRA] 	#11 : N=64 strategy=cubic communicator=custom
[2025-12-02 21:14:36,458][HYDRA] 	#11 : N=64 strategy=cubic communicator=custom
INFO: Using MLflow experiment: 03-communication
INFO: Started MLflow run 'jacobi_N64_p4_cubic' (8ebb4ae3d8e34c03b391136feed17550)
  ✓ Logged 600 time-series metrics.

--- JACOBI Complete ---
  Iterations: 200
  L2 error: 4.503766e-01
  Wall time: 0.0775s
  Performance: 615.00 Mlup/s
  Bandwidth: 19.68 GB/s
[2025-12-02 21:14:37,869][HYDRA] 	#11 : N=64 strategy=cubic communicator=custom
INFO: Using local file-based MLflow tracking backend: file:///Users/philipnickel/Documents/GitHub/DTU_Courses/LargeScaleModeling/LSM/LSM-Project_2/mlruns

============================================================
Experiment: 03-communication
Solver: jacobi, N=64, ranks=4
Strategy: cubic, Communicator: custom
============================================================
DEBUG: Attempting to set MLflow experiment: 03-communication
[2025-12-02 21:14:37,978][HYDRA] 	#12 : N=80 strategy=sliced communicator=numpy
[2025-12-02 21:14:37,978][HYDRA] 	#12 : N=80 strategy=sliced communicator=numpy
[2025-12-02 21:14:37,978][HYDRA] 	#12 : N=80 strategy=sliced communicator=numpy
INFO: Using MLflow experiment: 03-communication
INFO: Started MLflow run 'jacobi_N64_p4_cubic' (9396a6ef916d40ba90144c13871df6cb)
  ✓ Logged 600 time-series metrics.

--- JACOBI Complete ---
  Iterations: 200
  L2 error: 4.503766e-01
  Wall time: 0.0774s
  Performance: 615.87 Mlup/s
  Bandwidth: 19.71 GB/s
[2025-12-02 21:14:39,318][HYDRA] 	#12 : N=80 strategy=sliced communicator=numpy
INFO: Using local file-based MLflow tracking backend: file:///Users/philipnickel/Documents/GitHub/DTU_Courses/LargeScaleModeling/LSM/LSM-Project_2/mlruns

============================================================
Experiment: 03-communication
Solver: jacobi, N=80, ranks=4
Strategy: sliced, Communicator: numpy
============================================================
DEBUG: Attempting to set MLflow experiment: 03-communication
[2025-12-02 21:14:39,507][HYDRA] 	#13 : N=80 strategy=sliced communicator=custom
[2025-12-02 21:14:39,507][HYDRA] 	#13 : N=80 strategy=sliced communicator=custom
[2025-12-02 21:14:39,507][HYDRA] 	#13 : N=80 strategy=sliced communicator=custom
INFO: Using MLflow experiment: 03-communication
INFO: Started MLflow run 'jacobi_N80_p4_sliced' (3874a7ae5fc241f9ac1f34594069dfff)
  ✓ Logged 600 time-series metrics.

--- JACOBI Complete ---
  Iterations: 200
  L2 error: 6.024358e-01
  Wall time: 0.1553s
  Performance: 610.99 Mlup/s
  Bandwidth: 19.55 GB/s
[2025-12-02 21:14:40,858][HYDRA] 	#13 : N=80 strategy=sliced communicator=custom
INFO: Using local file-based MLflow tracking backend: file:///Users/philipnickel/Documents/GitHub/DTU_Courses/LargeScaleModeling/LSM/LSM-Project_2/mlruns

============================================================
Experiment: 03-communication
Solver: jacobi, N=80, ranks=4
Strategy: sliced, Communicator: custom
============================================================
DEBUG: Attempting to set MLflow experiment: 03-communication
[2025-12-02 21:14:41,033][HYDRA] 	#14 : N=80 strategy=cubic communicator=numpy
[2025-12-02 21:14:41,033][HYDRA] 	#14 : N=80 strategy=cubic communicator=numpy
[2025-12-02 21:14:41,033][HYDRA] 	#14 : N=80 strategy=cubic communicator=numpy
INFO: Using MLflow experiment: 03-communication
INFO: Started MLflow run 'jacobi_N80_p4_sliced' (ac03c4ac973d4f71bb344f113e0673ce)
  ✓ Logged 600 time-series metrics.

--- JACOBI Complete ---
  Iterations: 200
  L2 error: 6.024358e-01
  Wall time: 0.1406s
  Performance: 674.95 Mlup/s
  Bandwidth: 21.60 GB/s
[2025-12-02 21:14:42,369][HYDRA] 	#14 : N=80 strategy=cubic communicator=numpy
INFO: Using local file-based MLflow tracking backend: file:///Users/philipnickel/Documents/GitHub/DTU_Courses/LargeScaleModeling/LSM/LSM-Project_2/mlruns

============================================================
Experiment: 03-communication
Solver: jacobi, N=80, ranks=4
Strategy: cubic, Communicator: numpy
============================================================
DEBUG: Attempting to set MLflow experiment: 03-communication
[2025-12-02 21:14:42,567][HYDRA] 	#15 : N=80 strategy=cubic communicator=custom
[2025-12-02 21:14:42,567][HYDRA] 	#15 : N=80 strategy=cubic communicator=custom
[2025-12-02 21:14:42,567][HYDRA] 	#15 : N=80 strategy=cubic communicator=custom
INFO: Using MLflow experiment: 03-communication
INFO: Started MLflow run 'jacobi_N80_p4_cubic' (c48e81d0ffc64732a92426ae06bd2549)
  ✓ Logged 600 time-series metrics.

--- JACOBI Complete ---
  Iterations: 200
  L2 error: 6.024358e-01
  Wall time: 0.1636s
  Performance: 579.97 Mlup/s
  Bandwidth: 18.56 GB/s
[2025-12-02 21:14:43,952][HYDRA] 	#15 : N=80 strategy=cubic communicator=custom
INFO: Using local file-based MLflow tracking backend: file:///Users/philipnickel/Documents/GitHub/DTU_Courses/LargeScaleModeling/LSM/LSM-Project_2/mlruns

============================================================
Experiment: 03-communication
Solver: jacobi, N=80, ranks=4
Strategy: cubic, Communicator: custom
============================================================
DEBUG: Attempting to set MLflow experiment: 03-communication
INFO: Using MLflow experiment: 03-communication
INFO: Started MLflow run 'jacobi_N80_p4_cubic' (236bbb74cb824c6bb4dead8c880063f9)
  ✓ Logged 600 time-series metrics.

--- JACOBI Complete ---
  Iterations: 200
  L2 error: 6.024358e-01
  Wall time: 0.1609s
  Performance: 590.01 Mlup/s
  Bandwidth: 18.88 GB/s
