[2025-12-02 21:48:21,745][HYDRA] Launching 4 jobs locally
[2025-12-02 21:48:21,745][HYDRA] 	#0 : N=32 strategy=sliced communicator=numpy
[2025-12-02 21:48:21,751][HYDRA] Launching 4 jobs locally
[2025-12-02 21:48:21,751][HYDRA] 	#0 : N=32 strategy=sliced communicator=numpy
[2025-12-02 21:48:21,761][HYDRA] Launching 4 jobs locally
[2025-12-02 21:48:21,761][HYDRA] 	#0 : N=32 strategy=sliced communicator=numpy
[2025-12-02 21:48:21,772][HYDRA] Launching 4 jobs locally
[2025-12-02 21:48:21,773][HYDRA] 	#0 : N=32 strategy=sliced communicator=numpy
INFO: Using local file-based MLflow tracking backend: file:///Users/philipnickel/Documents/GitHub/DTU_Courses/LargeScaleModeling/LSM/LSM-Project_2/mlruns

============================================================
Experiment: 03-communication
Solver: jacobi, N=32, ranks=4
Strategy: sliced, Communicator: numpy
============================================================
DEBUG: Attempting to set MLflow experiment: 03-communication
[2025-12-02 21:48:22,748][HYDRA] 	#1 : N=32 strategy=sliced communicator=custom
[2025-12-02 21:48:22,748][HYDRA] 	#1 : N=32 strategy=sliced communicator=custom
[2025-12-02 21:48:22,748][HYDRA] 	#1 : N=32 strategy=sliced communicator=custom
INFO: Using MLflow experiment: 03-communication
INFO: Started MLflow run 'jacobi_N32_p4_sliced' (5c034e54bdfc4ba58c719aeb096688ad)
  ✓ Logged 600 time-series metrics.

--- JACOBI Complete ---
  Iterations: 200
  L2 error: 3.349338e-02
  Wall time: 0.0150s
  Performance: 358.85 Mlup/s
  Bandwidth: 11.48 GB/s
[2025-12-02 21:48:22,866][HYDRA] 	#1 : N=32 strategy=sliced communicator=custom
INFO: Using local file-based MLflow tracking backend: file:///Users/philipnickel/Documents/GitHub/DTU_Courses/LargeScaleModeling/LSM/LSM-Project_2/mlruns

============================================================
Experiment: 03-communication
Solver: jacobi, N=32, ranks=4
Strategy: sliced, Communicator: custom
============================================================
DEBUG: Attempting to set MLflow experiment: 03-communication
[2025-12-02 21:48:22,918][HYDRA] 	#2 : N=32 strategy=cubic communicator=numpy
[2025-12-02 21:48:22,918][HYDRA] 	#2 : N=32 strategy=cubic communicator=numpy
[2025-12-02 21:48:22,918][HYDRA] 	#2 : N=32 strategy=cubic communicator=numpy
INFO: Using MLflow experiment: 03-communication
INFO: Started MLflow run 'jacobi_N32_p4_sliced' (9f376eefeb7f4d478c785203ed57db0b)
  ✓ Logged 600 time-series metrics.

--- JACOBI Complete ---
  Iterations: 200
  L2 error: 3.349338e-02
  Wall time: 0.0147s
  Performance: 368.35 Mlup/s
  Bandwidth: 11.79 GB/s
[2025-12-02 21:48:22,988][HYDRA] 	#2 : N=32 strategy=cubic communicator=numpy
INFO: Using local file-based MLflow tracking backend: file:///Users/philipnickel/Documents/GitHub/DTU_Courses/LargeScaleModeling/LSM/LSM-Project_2/mlruns

============================================================
Experiment: 03-communication
Solver: jacobi, N=32, ranks=4
Strategy: cubic, Communicator: numpy
============================================================
DEBUG: Attempting to set MLflow experiment: 03-communication
[2025-12-02 21:48:23,041][HYDRA] 	#3 : N=32 strategy=cubic communicator=custom
[2025-12-02 21:48:23,041][HYDRA] 	#3 : N=32 strategy=cubic communicator=custom
[2025-12-02 21:48:23,041][HYDRA] 	#3 : N=32 strategy=cubic communicator=custom
INFO: Using MLflow experiment: 03-communication
INFO: Started MLflow run 'jacobi_N32_p4_cubic' (073618db4c63414290c276a74f46fc18)
  ✓ Logged 600 time-series metrics.

--- JACOBI Complete ---
  Iterations: 200
  L2 error: 3.349338e-02
  Wall time: 0.0148s
  Performance: 364.35 Mlup/s
  Bandwidth: 11.66 GB/s
[2025-12-02 21:48:23,120][HYDRA] 	#3 : N=32 strategy=cubic communicator=custom
INFO: Using local file-based MLflow tracking backend: file:///Users/philipnickel/Documents/GitHub/DTU_Courses/LargeScaleModeling/LSM/LSM-Project_2/mlruns

============================================================
Experiment: 03-communication
Solver: jacobi, N=32, ranks=4
Strategy: cubic, Communicator: custom
============================================================
DEBUG: Attempting to set MLflow experiment: 03-communication
INFO: Using MLflow experiment: 03-communication
INFO: Started MLflow run 'jacobi_N32_p4_cubic' (633295335e2b4599970f1322291fff48)
  ✓ Logged 600 time-series metrics.

--- JACOBI Complete ---
  Iterations: 200
  L2 error: 3.349338e-02
  Wall time: 0.0153s
  Performance: 353.43 Mlup/s
  Bandwidth: 11.31 GB/s
