[2025-12-02 20:57:01,056][HYDRA] Launching 20 jobs locally
[2025-12-02 20:57:01,056][HYDRA] 	#0 : N=32 strategy=sliced communicator=numpy
[2025-12-02 20:57:01,057][HYDRA] Launching 20 jobs locally
[2025-12-02 20:57:01,057][HYDRA] 	#0 : N=32 strategy=sliced communicator=numpy
[2025-12-02 20:57:01,057][HYDRA] Launching 20 jobs locally
[2025-12-02 20:57:01,057][HYDRA] 	#0 : N=32 strategy=sliced communicator=numpy
[2025-12-02 20:57:01,059][HYDRA] Launching 20 jobs locally
[2025-12-02 20:57:01,059][HYDRA] 	#0 : N=32 strategy=sliced communicator=numpy
[2025-12-02 20:57:01,468][numexpr.utils][INFO] - NumExpr defaulting to 11 threads.
[2025-12-02 20:57:01,468][numexpr.utils][INFO] - NumExpr defaulting to 11 threads.
[2025-12-02 20:57:01,468][numexpr.utils][INFO] - NumExpr defaulting to 11 threads.
[2025-12-02 20:57:01,468][numexpr.utils][INFO] - NumExpr defaulting to 11 threads.
INFO: Using local file-based MLflow tracking backend: file:///Users/philipnickel/Documents/GitHub/DTU_Courses/LargeScaleModeling/LSM/LSM-Project_2/mlruns

============================================================
Experiment: 03-communication
Solver: jacobi, N=32, ranks=4
Strategy: sliced, Communicator: numpy
============================================================
DEBUG: Attempting to set MLflow experiment: 03-communication
[2025-12-02 20:57:02,235][HYDRA] 	#1 : N=32 strategy=sliced communicator=custom
[2025-12-02 20:57:02,235][HYDRA] 	#1 : N=32 strategy=sliced communicator=custom
[2025-12-02 20:57:02,235][HYDRA] 	#1 : N=32 strategy=sliced communicator=custom
INFO: Using MLflow experiment: 03-communication
INFO: Started MLflow run 'jacobi_N32_p4_sliced' (c6bf2f2798254c0d94f1eba10a92637b)
  ✓ Logged 1500 time-series metrics.

--- JACOBI Complete ---
  Iterations: 500
  L2 error: 3.169787e-03
  Wall time: 0.0354s
  Performance: 380.89 Mlup/s
[2025-12-02 20:57:03,247][HYDRA] 	#1 : N=32 strategy=sliced communicator=custom
INFO: Using local file-based MLflow tracking backend: file:///Users/philipnickel/Documents/GitHub/DTU_Courses/LargeScaleModeling/LSM/LSM-Project_2/mlruns

============================================================
Experiment: 03-communication
Solver: jacobi, N=32, ranks=4
Strategy: sliced, Communicator: custom
============================================================
DEBUG: Attempting to set MLflow experiment: 03-communication
[2025-12-02 20:57:03,314][HYDRA] 	#2 : N=32 strategy=cubic communicator=numpy
[2025-12-02 20:57:03,314][HYDRA] 	#2 : N=32 strategy=cubic communicator=numpy
[2025-12-02 20:57:03,314][HYDRA] 	#2 : N=32 strategy=cubic communicator=numpy
INFO: Using MLflow experiment: 03-communication
INFO: Started MLflow run 'jacobi_N32_p4_sliced' (2a00c6bb1a8f4bbaba6a9a65e4dc8cfc)
  ✓ Logged 1500 time-series metrics.

--- JACOBI Complete ---
  Iterations: 500
  L2 error: 3.169787e-03
  Wall time: 0.0349s
  Performance: 387.14 Mlup/s
[2025-12-02 20:57:04,244][HYDRA] 	#2 : N=32 strategy=cubic communicator=numpy
INFO: Using local file-based MLflow tracking backend: file:///Users/philipnickel/Documents/GitHub/DTU_Courses/LargeScaleModeling/LSM/LSM-Project_2/mlruns

============================================================
Experiment: 03-communication
Solver: jacobi, N=32, ranks=4
Strategy: cubic, Communicator: numpy
============================================================
DEBUG: Attempting to set MLflow experiment: 03-communication
[2025-12-02 20:57:04,310][HYDRA] 	#3 : N=32 strategy=cubic communicator=custom
[2025-12-02 20:57:04,310][HYDRA] 	#3 : N=32 strategy=cubic communicator=custom
[2025-12-02 20:57:04,310][HYDRA] 	#3 : N=32 strategy=cubic communicator=custom
INFO: Using MLflow experiment: 03-communication
INFO: Started MLflow run 'jacobi_N32_p4_cubic' (1f900805d84d4293bac578ee6615b4b8)
  ✓ Logged 1500 time-series metrics.

--- JACOBI Complete ---
  Iterations: 500
  L2 error: 3.169787e-03
  Wall time: 0.0363s
  Performance: 371.62 Mlup/s
[2025-12-02 20:57:05,251][HYDRA] 	#3 : N=32 strategy=cubic communicator=custom
INFO: Using local file-based MLflow tracking backend: file:///Users/philipnickel/Documents/GitHub/DTU_Courses/LargeScaleModeling/LSM/LSM-Project_2/mlruns

============================================================
Experiment: 03-communication
Solver: jacobi, N=32, ranks=4
Strategy: cubic, Communicator: custom
============================================================
DEBUG: Attempting to set MLflow experiment: 03-communication
[2025-12-02 20:57:05,320][HYDRA] 	#4 : N=48 strategy=sliced communicator=numpy
[2025-12-02 20:57:05,320][HYDRA] 	#4 : N=48 strategy=sliced communicator=numpy
[2025-12-02 20:57:05,320][HYDRA] 	#4 : N=48 strategy=sliced communicator=numpy
INFO: Using MLflow experiment: 03-communication
INFO: Started MLflow run 'jacobi_N32_p4_cubic' (89596b3091ec4b3e92245f8afaf7d5d9)
  ✓ Logged 1500 time-series metrics.

--- JACOBI Complete ---
  Iterations: 500
  L2 error: 3.169787e-03
  Wall time: 0.0378s
  Performance: 356.90 Mlup/s
[2025-12-02 20:57:06,257][HYDRA] 	#4 : N=48 strategy=sliced communicator=numpy
INFO: Using local file-based MLflow tracking backend: file:///Users/philipnickel/Documents/GitHub/DTU_Courses/LargeScaleModeling/LSM/LSM-Project_2/mlruns

============================================================
Experiment: 03-communication
Solver: jacobi, N=48, ranks=4
Strategy: sliced, Communicator: numpy
============================================================
DEBUG: Attempting to set MLflow experiment: 03-communication
[2025-12-02 20:57:06,370][HYDRA] 	#5 : N=48 strategy=sliced communicator=custom
[2025-12-02 20:57:06,370][HYDRA] 	#5 : N=48 strategy=sliced communicator=custom
[2025-12-02 20:57:06,370][HYDRA] 	#5 : N=48 strategy=sliced communicator=custom
INFO: Using MLflow experiment: 03-communication
INFO: Started MLflow run 'jacobi_N48_p4_sliced' (026630bc334f43f4aebbe735ae68911e)
  ✓ Logged 1500 time-series metrics.

--- JACOBI Complete ---
  Iterations: 500
  L2 error: 2.637631e-02
  Wall time: 0.0818s
  Performance: 594.85 Mlup/s
[2025-12-02 20:57:07,314][HYDRA] 	#5 : N=48 strategy=sliced communicator=custom
INFO: Using local file-based MLflow tracking backend: file:///Users/philipnickel/Documents/GitHub/DTU_Courses/LargeScaleModeling/LSM/LSM-Project_2/mlruns

============================================================
Experiment: 03-communication
Solver: jacobi, N=48, ranks=4
Strategy: sliced, Communicator: custom
============================================================
DEBUG: Attempting to set MLflow experiment: 03-communication
[2025-12-02 20:57:07,431][HYDRA] 	#6 : N=48 strategy=cubic communicator=numpy
[2025-12-02 20:57:07,431][HYDRA] 	#6 : N=48 strategy=cubic communicator=numpy
[2025-12-02 20:57:07,431][HYDRA] 	#6 : N=48 strategy=cubic communicator=numpy
INFO: Using MLflow experiment: 03-communication
INFO: Started MLflow run 'jacobi_N48_p4_sliced' (1b01d2d6f67f4200a23450a8c0c39527)
  ✓ Logged 1500 time-series metrics.

--- JACOBI Complete ---
  Iterations: 500
  L2 error: 2.637631e-02
  Wall time: 0.0859s
  Performance: 566.68 Mlup/s
[2025-12-02 20:57:08,405][HYDRA] 	#6 : N=48 strategy=cubic communicator=numpy
INFO: Using local file-based MLflow tracking backend: file:///Users/philipnickel/Documents/GitHub/DTU_Courses/LargeScaleModeling/LSM/LSM-Project_2/mlruns

============================================================
Experiment: 03-communication
Solver: jacobi, N=48, ranks=4
Strategy: cubic, Communicator: numpy
============================================================
DEBUG: Attempting to set MLflow experiment: 03-communication
[2025-12-02 20:57:08,540][HYDRA] 	#7 : N=48 strategy=cubic communicator=custom
[2025-12-02 20:57:08,540][HYDRA] 	#7 : N=48 strategy=cubic communicator=custom
[2025-12-02 20:57:08,540][HYDRA] 	#7 : N=48 strategy=cubic communicator=custom
INFO: Using MLflow experiment: 03-communication
INFO: Started MLflow run 'jacobi_N48_p4_cubic' (775aa6aa9c014990ba672b4f33cc2291)
  ✓ Logged 1500 time-series metrics.

--- JACOBI Complete ---
  Iterations: 500
  L2 error: 2.637631e-02
  Wall time: 0.1026s
  Performance: 474.39 Mlup/s
[2025-12-02 20:57:09,484][HYDRA] 	#7 : N=48 strategy=cubic communicator=custom
INFO: Using local file-based MLflow tracking backend: file:///Users/philipnickel/Documents/GitHub/DTU_Courses/LargeScaleModeling/LSM/LSM-Project_2/mlruns

============================================================
Experiment: 03-communication
Solver: jacobi, N=48, ranks=4
Strategy: cubic, Communicator: custom
============================================================
DEBUG: Attempting to set MLflow experiment: 03-communication
[2025-12-02 20:57:09,614][HYDRA] 	#8 : N=64 strategy=sliced communicator=numpy
[2025-12-02 20:57:09,614][HYDRA] 	#8 : N=64 strategy=sliced communicator=numpy
[2025-12-02 20:57:09,614][HYDRA] 	#8 : N=64 strategy=sliced communicator=numpy
INFO: Using MLflow experiment: 03-communication
INFO: Started MLflow run 'jacobi_N48_p4_cubic' (b665346d08154513968c741ce6321949)
  ✓ Logged 1500 time-series metrics.

--- JACOBI Complete ---
  Iterations: 500
  L2 error: 2.637631e-02
  Wall time: 0.0998s
  Performance: 487.78 Mlup/s
[2025-12-02 20:57:10,563][HYDRA] 	#8 : N=64 strategy=sliced communicator=numpy
INFO: Using local file-based MLflow tracking backend: file:///Users/philipnickel/Documents/GitHub/DTU_Courses/LargeScaleModeling/LSM/LSM-Project_2/mlruns

============================================================
Experiment: 03-communication
Solver: jacobi, N=64, ranks=4
Strategy: sliced, Communicator: numpy
============================================================
DEBUG: Attempting to set MLflow experiment: 03-communication
[2025-12-02 20:57:10,784][HYDRA] 	#9 : N=64 strategy=sliced communicator=custom
[2025-12-02 20:57:10,784][HYDRA] 	#9 : N=64 strategy=sliced communicator=custom
[2025-12-02 20:57:10,784][HYDRA] 	#9 : N=64 strategy=sliced communicator=custom
INFO: Using MLflow experiment: 03-communication
INFO: Started MLflow run 'jacobi_N64_p4_sliced' (611bf9acc186480bb4cbdff8755eb342)
  ✓ Logged 1500 time-series metrics.

--- JACOBI Complete ---
  Iterations: 500
  L2 error: 1.357538e-01
  Wall time: 0.1890s
  Performance: 630.55 Mlup/s
[2025-12-02 20:57:11,724][HYDRA] 	#9 : N=64 strategy=sliced communicator=custom
INFO: Using local file-based MLflow tracking backend: file:///Users/philipnickel/Documents/GitHub/DTU_Courses/LargeScaleModeling/LSM/LSM-Project_2/mlruns

============================================================
Experiment: 03-communication
Solver: jacobi, N=64, ranks=4
Strategy: sliced, Communicator: custom
============================================================
DEBUG: Attempting to set MLflow experiment: 03-communication
[2025-12-02 20:57:11,950][HYDRA] 	#10 : N=64 strategy=cubic communicator=numpy
[2025-12-02 20:57:11,950][HYDRA] 	#10 : N=64 strategy=cubic communicator=numpy
[2025-12-02 20:57:11,950][HYDRA] 	#10 : N=64 strategy=cubic communicator=numpy
INFO: Using MLflow experiment: 03-communication
INFO: Started MLflow run 'jacobi_N64_p4_sliced' (c60a27ec95374ae388c4c398464664fa)
  ✓ Logged 1500 time-series metrics.

--- JACOBI Complete ---
  Iterations: 500
  L2 error: 1.357538e-01
  Wall time: 0.1926s
  Performance: 618.63 Mlup/s
[2025-12-02 20:57:12,939][HYDRA] 	#10 : N=64 strategy=cubic communicator=numpy
INFO: Using local file-based MLflow tracking backend: file:///Users/philipnickel/Documents/GitHub/DTU_Courses/LargeScaleModeling/LSM/LSM-Project_2/mlruns

============================================================
Experiment: 03-communication
Solver: jacobi, N=64, ranks=4
Strategy: cubic, Communicator: numpy
============================================================
DEBUG: Attempting to set MLflow experiment: 03-communication
[2025-12-02 20:57:13,172][HYDRA] 	#11 : N=64 strategy=cubic communicator=custom
[2025-12-02 20:57:13,172][HYDRA] 	#11 : N=64 strategy=cubic communicator=custom
[2025-12-02 20:57:13,172][HYDRA] 	#11 : N=64 strategy=cubic communicator=custom
INFO: Using MLflow experiment: 03-communication
INFO: Started MLflow run 'jacobi_N64_p4_cubic' (57dcbc7e5ac04d2e98cdad6e2367f990)
  ✓ Logged 1500 time-series metrics.

--- JACOBI Complete ---
  Iterations: 500
  L2 error: 1.357538e-01
  Wall time: 0.2022s
  Performance: 589.39 Mlup/s
[2025-12-02 20:57:14,155][HYDRA] 	#11 : N=64 strategy=cubic communicator=custom
INFO: Using local file-based MLflow tracking backend: file:///Users/philipnickel/Documents/GitHub/DTU_Courses/LargeScaleModeling/LSM/LSM-Project_2/mlruns

============================================================
Experiment: 03-communication
Solver: jacobi, N=64, ranks=4
Strategy: cubic, Communicator: custom
============================================================
DEBUG: Attempting to set MLflow experiment: 03-communication
[2025-12-02 20:57:14,390][HYDRA] 	#12 : N=80 strategy=sliced communicator=numpy
[2025-12-02 20:57:14,390][HYDRA] 	#12 : N=80 strategy=sliced communicator=numpy
[2025-12-02 20:57:14,390][HYDRA] 	#12 : N=80 strategy=sliced communicator=numpy
INFO: Using MLflow experiment: 03-communication
INFO: Started MLflow run 'jacobi_N64_p4_cubic' (6c1837ce5ce146909935d6d8c07e2742)
  ✓ Logged 1500 time-series metrics.

--- JACOBI Complete ---
  Iterations: 500
  L2 error: 1.357538e-01
  Wall time: 0.2020s
  Performance: 589.95 Mlup/s
[2025-12-02 20:57:15,347][HYDRA] 	#12 : N=80 strategy=sliced communicator=numpy
INFO: Using local file-based MLflow tracking backend: file:///Users/philipnickel/Documents/GitHub/DTU_Courses/LargeScaleModeling/LSM/LSM-Project_2/mlruns

============================================================
Experiment: 03-communication
Solver: jacobi, N=80, ranks=4
Strategy: sliced, Communicator: numpy
============================================================
DEBUG: Attempting to set MLflow experiment: 03-communication
[2025-12-02 20:57:15,800][HYDRA] 	#13 : N=80 strategy=sliced communicator=custom
[2025-12-02 20:57:15,800][HYDRA] 	#13 : N=80 strategy=sliced communicator=custom
[2025-12-02 20:57:15,800][HYDRA] 	#13 : N=80 strategy=sliced communicator=custom
INFO: Using MLflow experiment: 03-communication
INFO: Started MLflow run 'jacobi_N80_p4_sliced' (812afb3ad892446e8cfd6a9542bc1a36)
  ✓ Logged 1500 time-series metrics.

--- JACOBI Complete ---
  Iterations: 500
  L2 error: 2.815600e-01
  Wall time: 0.4196s
  Performance: 565.41 Mlup/s
[2025-12-02 20:57:16,751][HYDRA] 	#13 : N=80 strategy=sliced communicator=custom
INFO: Using local file-based MLflow tracking backend: file:///Users/philipnickel/Documents/GitHub/DTU_Courses/LargeScaleModeling/LSM/LSM-Project_2/mlruns

============================================================
Experiment: 03-communication
Solver: jacobi, N=80, ranks=4
Strategy: sliced, Communicator: custom
============================================================
DEBUG: Attempting to set MLflow experiment: 03-communication
[2025-12-02 20:57:17,177][HYDRA] 	#14 : N=80 strategy=cubic communicator=numpy
[2025-12-02 20:57:17,177][HYDRA] 	#14 : N=80 strategy=cubic communicator=numpy
[2025-12-02 20:57:17,177][HYDRA] 	#14 : N=80 strategy=cubic communicator=numpy
INFO: Using MLflow experiment: 03-communication
INFO: Started MLflow run 'jacobi_N80_p4_sliced' (1511a9b565ea4e63b86ee659231336c1)
  ✓ Logged 1500 time-series metrics.

--- JACOBI Complete ---
  Iterations: 500
  L2 error: 2.815600e-01
  Wall time: 0.3925s
  Performance: 604.46 Mlup/s
[2025-12-02 20:57:18,134][HYDRA] 	#14 : N=80 strategy=cubic communicator=numpy
INFO: Using local file-based MLflow tracking backend: file:///Users/philipnickel/Documents/GitHub/DTU_Courses/LargeScaleModeling/LSM/LSM-Project_2/mlruns

============================================================
Experiment: 03-communication
Solver: jacobi, N=80, ranks=4
Strategy: cubic, Communicator: numpy
============================================================
DEBUG: Attempting to set MLflow experiment: 03-communication
[2025-12-02 20:57:18,612][HYDRA] 	#15 : N=80 strategy=cubic communicator=custom
[2025-12-02 20:57:18,612][HYDRA] 	#15 : N=80 strategy=cubic communicator=custom
[2025-12-02 20:57:18,612][HYDRA] 	#15 : N=80 strategy=cubic communicator=custom
INFO: Using MLflow experiment: 03-communication
INFO: Started MLflow run 'jacobi_N80_p4_cubic' (8328e38f96c246e0918b0825b2877539)
  ✓ Logged 1500 time-series metrics.

--- JACOBI Complete ---
  Iterations: 500
  L2 error: 2.815600e-01
  Wall time: 0.4440s
  Performance: 534.35 Mlup/s
[2025-12-02 20:57:19,582][HYDRA] 	#15 : N=80 strategy=cubic communicator=custom
INFO: Using local file-based MLflow tracking backend: file:///Users/philipnickel/Documents/GitHub/DTU_Courses/LargeScaleModeling/LSM/LSM-Project_2/mlruns

============================================================
Experiment: 03-communication
Solver: jacobi, N=80, ranks=4
Strategy: cubic, Communicator: custom
============================================================
DEBUG: Attempting to set MLflow experiment: 03-communication
[2025-12-02 20:57:20,062][HYDRA] 	#16 : N=100 strategy=sliced communicator=numpy
[2025-12-02 20:57:20,062][HYDRA] 	#16 : N=100 strategy=sliced communicator=numpy
[2025-12-02 20:57:20,062][HYDRA] 	#16 : N=100 strategy=sliced communicator=numpy
INFO: Using MLflow experiment: 03-communication
INFO: Started MLflow run 'jacobi_N80_p4_cubic' (07fad769a8dd4329b21fda0163eda82d)
  ✓ Logged 1500 time-series metrics.

--- JACOBI Complete ---
  Iterations: 500
  L2 error: 2.815600e-01
  Wall time: 0.4473s
  Performance: 530.45 Mlup/s
[2025-12-02 20:57:21,077][HYDRA] 	#16 : N=100 strategy=sliced communicator=numpy
INFO: Using local file-based MLflow tracking backend: file:///Users/philipnickel/Documents/GitHub/DTU_Courses/LargeScaleModeling/LSM/LSM-Project_2/mlruns

============================================================
Experiment: 03-communication
Solver: jacobi, N=100, ranks=4
Strategy: sliced, Communicator: numpy
============================================================
DEBUG: Attempting to set MLflow experiment: 03-communication
[2025-12-02 20:57:22,528][HYDRA] 	#17 : N=100 strategy=sliced communicator=custom
[2025-12-02 20:57:22,528][HYDRA] 	#17 : N=100 strategy=sliced communicator=custom
[2025-12-02 20:57:22,528][HYDRA] 	#17 : N=100 strategy=sliced communicator=custom
INFO: Using MLflow experiment: 03-communication
INFO: Started MLflow run 'jacobi_N100_p4_sliced' (b64d0ea31f734bf1a548d24378be7d0b)
  ✓ Logged 1500 time-series metrics.

--- JACOBI Complete ---
  Iterations: 500
  L2 error: 4.464648e-01
  Wall time: 1.4133s
  Performance: 332.97 Mlup/s
[2025-12-02 20:57:23,490][HYDRA] 	#17 : N=100 strategy=sliced communicator=custom
INFO: Using local file-based MLflow tracking backend: file:///Users/philipnickel/Documents/GitHub/DTU_Courses/LargeScaleModeling/LSM/LSM-Project_2/mlruns

============================================================
Experiment: 03-communication
Solver: jacobi, N=100, ranks=4
Strategy: sliced, Communicator: custom
============================================================
DEBUG: Attempting to set MLflow experiment: 03-communication
[2025-12-02 20:57:24,916][HYDRA] 	#18 : N=100 strategy=cubic communicator=numpy
[2025-12-02 20:57:24,916][HYDRA] 	#18 : N=100 strategy=cubic communicator=numpy
[2025-12-02 20:57:24,916][HYDRA] 	#18 : N=100 strategy=cubic communicator=numpy
INFO: Using MLflow experiment: 03-communication
INFO: Started MLflow run 'jacobi_N100_p4_sliced' (fb8a69a6c981435a87a0a0e8abd8b0cc)
  ✓ Logged 1500 time-series metrics.

--- JACOBI Complete ---
  Iterations: 500
  L2 error: 4.464648e-01
  Wall time: 1.3864s
  Performance: 339.45 Mlup/s
[2025-12-02 20:57:25,876][HYDRA] 	#18 : N=100 strategy=cubic communicator=numpy
INFO: Using local file-based MLflow tracking backend: file:///Users/philipnickel/Documents/GitHub/DTU_Courses/LargeScaleModeling/LSM/LSM-Project_2/mlruns

============================================================
Experiment: 03-communication
Solver: jacobi, N=100, ranks=4
Strategy: cubic, Communicator: numpy
============================================================
DEBUG: Attempting to set MLflow experiment: 03-communication
[2025-12-02 20:57:27,402][HYDRA] 	#19 : N=100 strategy=cubic communicator=custom
[2025-12-02 20:57:27,402][HYDRA] 	#19 : N=100 strategy=cubic communicator=custom
[2025-12-02 20:57:27,402][HYDRA] 	#19 : N=100 strategy=cubic communicator=custom
INFO: Using MLflow experiment: 03-communication
INFO: Started MLflow run 'jacobi_N100_p4_cubic' (685735747bbc44fb97d8385891febebf)
  ✓ Logged 1500 time-series metrics.

--- JACOBI Complete ---
  Iterations: 500
  L2 error: 4.464648e-01
  Wall time: 1.4877s
  Performance: 316.33 Mlup/s
[2025-12-02 20:57:28,366][HYDRA] 	#19 : N=100 strategy=cubic communicator=custom
INFO: Using local file-based MLflow tracking backend: file:///Users/philipnickel/Documents/GitHub/DTU_Courses/LargeScaleModeling/LSM/LSM-Project_2/mlruns

============================================================
Experiment: 03-communication
Solver: jacobi, N=100, ranks=4
Strategy: cubic, Communicator: custom
============================================================
DEBUG: Attempting to set MLflow experiment: 03-communication
INFO: Using MLflow experiment: 03-communication
INFO: Started MLflow run 'jacobi_N100_p4_cubic' (ee0c26135b764b9680f65ab3bf9e8452)
  ✓ Logged 1500 time-series metrics.

--- JACOBI Complete ---
  Iterations: 500
  L2 error: 4.464648e-01
  Wall time: 1.4889s
  Performance: 316.07 Mlup/s
